#
# There is insufficient memory for the Java Runtime Environment to continue.
# Native memory allocation (malloc) failed to allocate 2367376 bytes for Chunk::new
# Possible reasons:
#   The system is out of physical RAM or swap space
#   In 32 bit mode, the process size limit was hit
# Possible solutions:
#   Reduce memory load on the system
#   Increase physical memory or swap space
#   Check if swap backing store is full
#   Use 64 bit Java on a 64 bit OS
#   Decrease Java heap size (-Xmx/-Xms)
#   Decrease number of Java threads
#   Decrease Java thread stack sizes (-Xss)
#   Set larger code cache with -XX:ReservedCodeCacheSize=
# This output file may be truncated or incomplete.
#
#  Out of Memory Error (allocation.cpp:390), pid=19668, tid=0x0000000000001ba8
#
# JRE version: OpenJDK Runtime Environment (8.0_152-b02) (build 1.8.0_152-release-1024-b02)
# Java VM: OpenJDK 64-Bit Server VM (25.152-b02 mixed mode windows-amd64 compressed oops)
# Failed to write core dump. Minidumps are not enabled by default on client versions of Windows
#

---------------  T H R E A D  ---------------

Current thread (0x000000001aa8e000):  JavaThread "C2 CompilerThread0" daemon [_thread_in_native, id=7080, stack(0x000000001b250000,0x000000001b350000)]

Stack: [0x000000001b250000,0x000000001b350000]
[error occurred during error reporting (printing stack bounds), id 0xc0000005]

Native frames: (J=compiled Java code, j=interpreted, Vv=VM code, C=native code)


Current CompileTask:
C2:   9277 4667       4       java.net.URLClassLoader$1::run (5 bytes)


---------------  P R O C E S S  ---------------

Java Threads: ( => current thread )
  0x000000001f53b000 JavaThread "Memory manager" [_thread_blocked, id=5640, stack(0x00000000252b0000,0x00000000253b0000)]
  0x000000001f53c000 JavaThread "build operations Thread 8" [_thread_blocked, id=2908, stack(0x0000000024bb0000,0x0000000024cb0000)]
  0x000000001f53d800 JavaThread "build operations Thread 7" [_thread_blocked, id=12252, stack(0x0000000024ab0000,0x0000000024bb0000)]
  0x000000001cb67000 JavaThread "build operations Thread 6" [_thread_blocked, id=7264, stack(0x00000000249b0000,0x0000000024ab0000)]
  0x000000001cb66000 JavaThread "build operations Thread 5" [_thread_blocked, id=16808, stack(0x00000000248b0000,0x00000000249b0000)]
  0x000000001cb62800 JavaThread "build operations Thread 4" [_thread_blocked, id=12872, stack(0x00000000247b0000,0x00000000248b0000)]
  0x000000001cb65800 JavaThread "build operations Thread 3" [_thread_blocked, id=5292, stack(0x00000000246b0000,0x00000000247b0000)]
  0x000000001cb64000 JavaThread "build operations Thread 2" [_thread_blocked, id=15736, stack(0x00000000245b0000,0x00000000246b0000)]
  0x000000001cb63000 JavaThread "build operations" [_thread_blocked, id=868, stack(0x00000000230b0000,0x00000000231b0000)]
  0x000000001cb61000 JavaThread "Cache worker for Artifact transforms cache (C:\Users\Farhan\.gradle\caches\transforms-1)" [_thread_blocked, id=19268, stack(0x0000000022fb0000,0x00000000230b0000)]
  0x000000001e6c3000 JavaThread "Cache worker for file hash cache (C:\Users\Farhan\AndroidStudioProjects\ProjectApp\.gradle\4.4\fileHashes)" [_thread_blocked, id=1968, stack(0x000000001f570000,0x000000001f670000)]
  0x000000001ae5e000 JavaThread "File lock request listener" [_thread_in_native, id=21140, stack(0x000000001e4a0000,0x000000001e5a0000)]
  0x000000001cae3000 JavaThread "Cache worker for file hash cache (C:\Users\Farhan\.gradle\caches\4.4\fileHashes)" [_thread_blocked, id=19596, stack(0x000000001e3a0000,0x000000001e4a0000)]
  0x000000001ca81000 JavaThread "Stdin handler" [_thread_blocked, id=18640, stack(0x000000001dfa0000,0x000000001e0a0000)]
  0x000000001ca65800 JavaThread "Asynchronous log dispatcher for DefaultDaemonConnection: socket connection from /127.0.0.1:63383 to /127.0.0.1:63384" [_thread_blocked, id=2756, stack(0x000000001dea0000,0x000000001dfa0000)]
  0x000000001ca4d800 JavaThread "Daemon worker" [_thread_in_vm, id=1164, stack(0x000000001dda0000,0x000000001dea0000)]
  0x000000001ca48000 JavaThread "Cancel handler" [_thread_blocked, id=6864, stack(0x000000001dca0000,0x000000001dda0000)]
  0x000000001c7c1800 JavaThread "Handler for socket connection from /127.0.0.1:63383 to /127.0.0.1:63384" [_thread_in_native, id=892, stack(0x000000001d9a0000,0x000000001daa0000)]
  0x000000001c75e800 JavaThread "Daemon" [_thread_blocked, id=10980, stack(0x000000001d8a0000,0x000000001d9a0000)]
  0x000000001c8c7000 JavaThread "Daemon periodic checks" [_thread_blocked, id=18672, stack(0x000000001d7a0000,0x000000001d8a0000)]
  0x000000001c8c5800 JavaThread "Incoming local TCP Connector on port 63383" [_thread_in_native, id=17936, stack(0x000000001d560000,0x000000001d660000)]
  0x000000001ab1b800 JavaThread "Service Thread" daemon [_thread_blocked, id=2924, stack(0x000000001b650000,0x000000001b750000)]
  0x000000001aa96800 JavaThread "C1 CompilerThread3" daemon [_thread_blocked, id=16524, stack(0x000000001b550000,0x000000001b650000)]
  0x000000001aa93000 JavaThread "C2 CompilerThread2" daemon [_thread_in_native, id=15120, stack(0x000000001b450000,0x000000001b550000)]
  0x000000001aa91800 JavaThread "C2 CompilerThread1" daemon [_thread_in_native, id=20636, stack(0x000000001b350000,0x000000001b450000)]
=>0x000000001aa8e000 JavaThread "C2 CompilerThread0" daemon [_thread_in_native, id=7080, stack(0x000000001b250000,0x000000001b350000)]
  0x000000001aa8c800 JavaThread "Attach Listener" daemon [_thread_blocked, id=9900, stack(0x000000001b150000,0x000000001b250000)]
  0x000000001aa8b800 JavaThread "Signal Dispatcher" daemon [_thread_blocked, id=19204, stack(0x000000001b050000,0x000000001b150000)]
  0x000000001aa80800 JavaThread "Finalizer" daemon [_thread_blocked, id=16624, stack(0x000000001ae60000,0x000000001af60000)]
  0x0000000018b8b000 JavaThread "Reference Handler" daemon [_thread_blocked, id=14612, stack(0x000000001a960000,0x000000001aa60000)]
  0x0000000004cbd800 JavaThread "main" [_thread_blocked, id=5928, stack(0x0000000004b70000,0x0000000004c70000)]

Other Threads:
  0x0000000018b88000 VMThread [stack: 0x000000001a860000,0x000000001a960000] [id=9620]
  0x000000001ab1c800 WatcherThread [stack: 0x000000001b750000,0x000000001b850000] [id=21752]

VM state:not at safepoint (normal execution)

VM Mutex/Monitor currently owned by a thread: None

Heap:
 PSYoungGen      total 209408K, used 194560K [0x00000000e0000000, 0x00000000edb80000, 0x0000000100000000)
  eden space 194560K, 100% used [0x00000000e0000000,0x00000000ebe00000,0x00000000ebe00000)
  from space 14848K, 0% used [0x00000000ecc00000,0x00000000ecc00000,0x00000000eda80000)
  to   space 14336K, 0% used [0x00000000ebe00000,0x00000000ebe00000,0x00000000ecc00000)
 ParOldGen       total 97792K, used 16189K [0x00000000a0000000, 0x00000000a5f80000, 0x00000000e0000000)
  object space 97792K, 16% used [0x00000000a0000000,0x00000000a0fcf6a0,0x00000000a5f80000)
 Metaspace       used 50294K, capacity 51780K, committed 51840K, reserved 1093632K
  class space    used 6907K, capacity 7243K, committed 7296K, reserved 1048576K

Card table byte_map: [0x0000000014190000,0x00000000144a0000] byte_map_base: 0x0000000013c90000

Marking Bits: (ParMarkBitMap*) 0x0000000062cd4970
 Begin Bits: [0x0000000014ea0000, 0x00000000166a0000)
 End Bits:   [0x00000000166a0000, 0x0000000017ea0000)

Polling page: 0x0000000002e10000

CodeCache: size=245760Kb used=17541Kb max_used=17552Kb free=228218Kb
 bounds [0x0000000004dd0000, 0x0000000005f00000, 0x0000000013dd0000]
 total_blobs=5659 nmethods=4909 adapters=663
 compilation: enabled

Compilation events (10 events):
Event: 9.270 Thread 0x000000001aa96800 4950       3       java.lang.invoke.InfoFromMemberName::getMethodType (8 bytes)
Event: 9.270 Thread 0x000000001aa96800 nmethod 4950 0x0000000005ef4890 code [0x0000000005ef4a00, 0x0000000005ef4c08]
Event: 9.271 Thread 0x000000001aa96800 4951       1       org.gradle.model.internal.asm.AsmClassGenerator::getVisitor (5 bytes)
Event: 9.271 Thread 0x000000001aa96800 nmethod 4951 0x0000000005ef0550 code [0x0000000005ef06a0, 0x0000000005ef07b0]
Event: 9.271 Thread 0x000000001aa96800 4952       1       org.gradle.model.internal.asm.AsmClassGenerator::getGeneratedType (5 bytes)
Event: 9.271 Thread 0x000000001aa96800 nmethod 4952 0x0000000005ef0290 code [0x0000000005ef03e0, 0x0000000005ef04f0]
Event: 9.273 Thread 0x000000001aa96800 4953       3       jdk.internal.org.objectweb.asm.ClassWriter::visitEnd (1 bytes)
Event: 9.273 Thread 0x000000001aa96800 nmethod 4953 0x0000000005eeff90 code [0x0000000005ef00e0, 0x0000000005ef0230]
Event: 9.274 Thread 0x000000001aa96800 4954       3       org.gradle.api.internal.project.taskfactory.TaskPropertyInfo::<init> (49 bytes)
Event: 9.274 Thread 0x000000001aa96800 nmethod 4954 0x0000000005eef690 code [0x0000000005eef820, 0x0000000005eefd58]

GC Heap History (10 events):
Event: 2.393 GC heap before
{Heap before GC invocations=4 (full 0):
 PSYoungGen      total 70656K, used 22688K [0x00000000e0000000, 0x00000000e8a00000, 0x0000000100000000)
  eden space 65536K, 26% used [0x00000000e0000000,0x00000000e112c058,0x00000000e4000000)
  from space 5120K, 99% used [0x00000000e4000000,0x00000000e44fc050,0x00000000e4500000)
  to   space 5120K, 0% used [0x00000000e8500000,0x00000000e8500000,0x00000000e8a00000)
 ParOldGen       total 86016K, used 6115K [0x00000000a0000000, 0x00000000a5400000, 0x00000000e0000000)
  object space 86016K, 7% used [0x00000000a0000000,0x00000000a05f8ec0,0x00000000a5400000)
 Metaspace       used 20860K, capacity 21200K, committed 21248K, reserved 1067008K
  class space    used 2914K, capacity 3038K, committed 3072K, reserved 1048576K
Event: 2.398 GC heap after
Heap after GC invocations=4 (full 0):
 PSYoungGen      total 136192K, used 5088K [0x00000000e0000000, 0x00000000e8a00000, 0x0000000100000000)
  eden space 131072K, 0% used [0x00000000e0000000,0x00000000e0000000,0x00000000e8000000)
  from space 5120K, 99% used [0x00000000e8500000,0x00000000e89f8040,0x00000000e8a00000)
  to   space 5120K, 0% used [0x00000000e8000000,0x00000000e8000000,0x00000000e8500000)
 ParOldGen       total 86016K, used 9097K [0x00000000a0000000, 0x00000000a5400000, 0x00000000e0000000)
  object space 86016K, 10% used [0x00000000a0000000,0x00000000a08e26b8,0x00000000a5400000)
 Metaspace       used 20860K, capacity 21200K, committed 21248K, reserved 1067008K
  class space    used 2914K, capacity 3038K, committed 3072K, reserved 1048576K
}
Event: 2.398 GC heap before
{Heap before GC invocations=5 (full 1):
 PSYoungGen      total 136192K, used 5088K [0x00000000e0000000, 0x00000000e8a00000, 0x0000000100000000)
  eden space 131072K, 0% used [0x00000000e0000000,0x00000000e0000000,0x00000000e8000000)
  from space 5120K, 99% used [0x00000000e8500000,0x00000000e89f8040,0x00000000e8a00000)
  to   space 5120K, 0% used [0x00000000e8000000,0x00000000e8000000,0x00000000e8500000)
 ParOldGen       total 86016K, used 9097K [0x00000000a0000000, 0x00000000a5400000, 0x00000000e0000000)
  object space 86016K, 10% used [0x00000000a0000000,0x00000000a08e26b8,0x00000000a5400000)
 Metaspace       used 20860K, capacity 21200K, committed 21248K, reserved 1067008K
  class space    used 2914K, capacity 3038K, committed 3072K, reserved 1048576K
Event: 2.432 GC heap after
Heap after GC invocations=5 (full 1):
 PSYoungGen      total 136192K, used 0K [0x00000000e0000000, 0x00000000e8a00000, 0x0000000100000000)
  eden space 131072K, 0% used [0x00000000e0000000,0x00000000e0000000,0x00000000e8000000)
  from space 5120K, 0% used [0x00000000e8500000,0x00000000e8500000,0x00000000e8a00000)
  to   space 5120K, 0% used [0x00000000e8000000,0x00000000e8000000,0x00000000e8500000)
 ParOldGen       total 63488K, used 9585K [0x00000000a0000000, 0x00000000a3e00000, 0x00000000e0000000)
  object space 63488K, 15% used [0x00000000a0000000,0x00000000a095c548,0x00000000a3e00000)
 Metaspace       used 20860K, capacity 21200K, committed 21248K, reserved 1067008K
  class space    used 2914K, capacity 3038K, committed 3072K, reserved 1048576K
}
Event: 6.730 GC heap before
{Heap before GC invocations=6 (full 1):
 PSYoungGen      total 136192K, used 131072K [0x00000000e0000000, 0x00000000e8a00000, 0x0000000100000000)
  eden space 131072K, 100% used [0x00000000e0000000,0x00000000e8000000,0x00000000e8000000)
  from space 5120K, 0% used [0x00000000e8500000,0x00000000e8500000,0x00000000e8a00000)
  to   space 5120K, 0% used [0x00000000e8000000,0x00000000e8000000,0x00000000e8500000)
 ParOldGen       total 63488K, used 9585K [0x00000000a0000000, 0x00000000a3e00000, 0x00000000e0000000)
  object space 63488K, 15% used [0x00000000a0000000,0x00000000a095c548,0x00000000a3e00000)
 Metaspace       used 29923K, capacity 30438K, committed 30592K, reserved 1075200K
  class space    used 4202K, capacity 4358K, committed 4480K, reserved 1048576K
Event: 6.740 GC heap after
Heap after GC invocations=6 (full 1):
 PSYoungGen      total 136192K, used 5104K [0x00000000e0000000, 0x00000000eda80000, 0x0000000100000000)
  eden space 131072K, 0% used [0x00000000e0000000,0x00000000e0000000,0x00000000e8000000)
  from space 5120K, 99% used [0x00000000e8000000,0x00000000e84fc010,0x00000000e8500000)
  to   space 14848K, 0% used [0x00000000ecc00000,0x00000000ecc00000,0x00000000eda80000)
 ParOldGen       total 63488K, used 17723K [0x00000000a0000000, 0x00000000a3e00000, 0x00000000e0000000)
  object space 63488K, 27% used [0x00000000a0000000,0x00000000a114ec88,0x00000000a3e00000)
 Metaspace       used 29923K, capacity 30438K, committed 30592K, reserved 1075200K
  class space    used 4202K, capacity 4358K, committed 4480K, reserved 1048576K
}
Event: 7.085 GC heap before
{Heap before GC invocations=7 (full 1):
 PSYoungGen      total 136192K, used 30784K [0x00000000e0000000, 0x00000000eda80000, 0x0000000100000000)
  eden space 131072K, 19% used [0x00000000e0000000,0x00000000e19140c0,0x00000000e8000000)
  from space 5120K, 99% used [0x00000000e8000000,0x00000000e84fc010,0x00000000e8500000)
  to   space 14848K, 0% used [0x00000000ecc00000,0x00000000ecc00000,0x00000000eda80000)
 ParOldGen       total 63488K, used 17723K [0x00000000a0000000, 0x00000000a3e00000, 0x00000000e0000000)
  object space 63488K, 27% used [0x00000000a0000000,0x00000000a114ec88,0x00000000a3e00000)
 Metaspace       used 34705K, capacity 35278K, committed 35416K, reserved 1079296K
  class space    used 4783K, capacity 4999K, committed 5120K, reserved 1048576K
Event: 7.090 GC heap after
Heap after GC invocations=7 (full 1):
 PSYoungGen      total 209408K, used 8751K [0x00000000e0000000, 0x00000000edb80000, 0x0000000100000000)
  eden space 194560K, 0% used [0x00000000e0000000,0x00000000e0000000,0x00000000ebe00000)
  from space 14848K, 58% used [0x00000000ecc00000,0x00000000ed48bdf8,0x00000000eda80000)
  to   space 14336K, 0% used [0x00000000ebe00000,0x00000000ebe00000,0x00000000ecc00000)
 ParOldGen       total 63488K, used 17731K [0x00000000a0000000, 0x00000000a3e00000, 0x00000000e0000000)
  object space 63488K, 27% used [0x00000000a0000000,0x00000000a1150c88,0x00000000a3e00000)
 Metaspace       used 34705K, capacity 35278K, committed 35416K, reserved 1079296K
  class space    used 4783K, capacity 4999K, committed 5120K, reserved 1048576K
}
Event: 7.091 GC heap before
{Heap before GC invocations=8 (full 2):
 PSYoungGen      total 209408K, used 8751K [0x00000000e0000000, 0x00000000edb80000, 0x0000000100000000)
  eden space 194560K, 0% used [0x00000000e0000000,0x00000000e0000000,0x00000000ebe00000)
  from space 14848K, 58% used [0x00000000ecc00000,0x00000000ed48bdf8,0x00000000eda80000)
  to   space 14336K, 0% used [0x00000000ebe00000,0x00000000ebe00000,0x00000000ecc00000)
 ParOldGen       total 63488K, used 17731K [0x00000000a0000000, 0x00000000a3e00000, 0x00000000e0000000)
  object space 63488K, 27% used [0x00000000a0000000,0x00000000a1150c88,0x00000000a3e00000)
 Metaspace       used 34705K, capacity 35278K, committed 35416K, reserved 1079296K
  class space    used 4783K, capacity 4999K, committed 5120K, reserved 1048576K
Event: 7.153 GC heap after
Heap after GC invocations=8 (full 2):
 PSYoungGen      total 209408K, used 0K [0x00000000e0000000, 0x00000000edb80000, 0x0000000100000000)
  eden space 194560K, 0% used [0x00000000e0000000,0x00000000e0000000,0x00000000ebe00000)
  from space 14848K, 0% used [0x00000000ecc00000,0x00000000ecc00000,0x00000000eda80000)
  to   space 14336K, 0% used [0x00000000ebe00000,0x00000000ebe00000,0x00000000ecc00000)
 ParOldGen       total 97792K, used 16189K [0x00000000a0000000, 0x00000000a5f80000, 0x00000000e0000000)
  object space 97792K, 16% used [0x00000000a0000000,0x00000000a0fcf6a0,0x00000000a5f80000)
 Metaspace       used 34705K, capacity 35278K, committed 35416K, reserved 1079296K
  class space    used 4783K, capacity 4999K, committed 5120K, reserved 1048576K
}

Deoptimization events (10 events):
Event: 8.342 Thread 0x000000001ca4d800 Uncommon trap: reason=unstable_if action=reinterpret pc=0x00000000053c613c method=sun.misc.MetaIndex.mayContain(Ljava/lang/String;)Z @ 38
Event: 8.537 Thread 0x000000001ca4d800 Uncommon trap: reason=unstable_if action=reinterpret pc=0x00000000059e228c method=java.util.regex.Pattern$BmpCharProperty.match(Ljava/util/regex/Matcher;ILjava/lang/CharSequence;)Z @ 34
Event: 8.537 Thread 0x000000001ca4d800 Uncommon trap: reason=unstable_if action=reinterpret pc=0x0000000005616268 method=java.util.regex.Pattern$BmpCharProperty.match(Ljava/util/regex/Matcher;ILjava/lang/CharSequence;)Z @ 34
Event: 8.884 Thread 0x000000001ca4d800 Uncommon trap: reason=unstable_if action=reinterpret pc=0x000000000565494c method=org.objectweb.asm.ByteVector.putUTF8(Ljava/lang/String;)Lorg/objectweb/asm/ByteVector; @ 91
Event: 8.916 Thread 0x000000001ca4d800 Uncommon trap: reason=unstable_if action=reinterpret pc=0x000000000553d1f4 method=java.lang.String.lastIndexOf([CII[CIII)I @ 118
Event: 8.919 Thread 0x000000001ca4d800 Uncommon trap: reason=unstable_if action=reinterpret pc=0x000000000556e6b0 method=org.objectweb.asm.ByteVector.putUTF8(Ljava/lang/String;)Lorg/objectweb/asm/ByteVector; @ 91
Event: 9.038 Thread 0x000000001ca4d800 Uncommon trap: reason=unstable_if action=reinterpret pc=0x0000000005ccfda8 method=java.util.regex.Pattern$GroupTail.match(Ljava/util/regex/Matcher;ILjava/lang/CharSequence;)Z @ 73
Event: 9.038 Thread 0x000000001ca4d800 Uncommon trap: reason=unstable_if action=reinterpret pc=0x0000000005ccf518 method=com.sun.org.apache.xerces.internal.impl.XMLEntityScanner.scanContent(Lcom/sun/org/apache/xerces/internal/xni/XMLString;)I @ 163
Event: 9.210 Thread 0x000000001ca4d800 Uncommon trap: reason=unstable_if action=reinterpret pc=0x00000000056294e8 method=org.objectweb.asm.Type.getArgumentsAndReturnSizes(Ljava/lang/String;)I @ 47
Event: 9.210 Thread 0x000000001ca4d800 Uncommon trap: reason=unstable_if action=reinterpret pc=0x000000000587ec1c method=org.objectweb.asm.Type.getArgumentsAndReturnSizes(Ljava/lang/String;)I @ 47

Classes redefined (0 events):
No events

Internal exceptions (10 events):
Event: 9.151 Thread 0x000000001ca4d800 Exception <a 'java/lang/ClassNotFoundException': org/gradle/api/internal/file/CompositeFileTreeBeanInfo> (0x00000000eb2496d0) thrown at [D:\src\AOSP-openjdk-cygwin\jdk8u\hotspot\src\share\vm\classfile\systemDictionary.cpp, line 210]
Event: 9.151 Thread 0x000000001ca4d800 Exception <a 'java/lang/ClassNotFoundException': org/gradle/api/internal/file/CompositeFileCollectionBeanInfo> (0x00000000eb25eec0) thrown at [D:\src\AOSP-openjdk-cygwin\jdk8u\hotspot\src\share\vm\classfile\systemDictionary.cpp, line 210]
Event: 9.152 Thread 0x000000001ca4d800 Exception <a 'java/lang/ClassNotFoundException': org/gradle/api/internal/file/AbstractFileCollectionBeanInfo> (0x00000000eb274898) thrown at [D:\src\AOSP-openjdk-cygwin\jdk8u\hotspot\src\share\vm\classfile\systemDictionary.cpp, line 210]
Event: 9.152 Thread 0x000000001ca4d800 Exception <a 'java/lang/ClassNotFoundException': org/gradle/api/internal/file/AbstractFileCollectionCustomizer> (0x00000000eb28a8e8) thrown at [D:\src\AOSP-openjdk-cygwin\jdk8u\hotspot\src\share\vm\classfile\systemDictionary.cpp, line 210]
Event: 9.152 Thread 0x000000001ca4d800 Exception <a 'java/lang/ClassNotFoundException': org/gradle/api/internal/file/CompositeFileCollectionCustomizer> (0x00000000eb2b10c8) thrown at [D:\src\AOSP-openjdk-cygwin\jdk8u\hotspot\src\share\vm\classfile\systemDictionary.cpp, line 210]
Event: 9.153 Thread 0x000000001ca4d800 Exception <a 'java/lang/ClassNotFoundException': org/gradle/api/internal/file/CompositeFileTreeCustomizer> (0x00000000eb2d42a8) thrown at [D:\src\AOSP-openjdk-cygwin\jdk8u\hotspot\src\share\vm\classfile\systemDictionary.cpp, line 210]
Event: 9.154 Thread 0x000000001ca4d800 Exception <a 'java/lang/ClassNotFoundException': org/gradle/api/internal/file/collections/DefaultConfigurableFileTreeCustomizer> (0x00000000eb2f9bd8) thrown at [D:\src\AOSP-openjdk-cygwin\jdk8u\hotspot\src\share\vm\classfile\systemDictionary.cpp, line 210
Event: 9.230 Thread 0x000000001ca4d800 Exception <a 'java/lang/NoSuchMethodError': java.lang.Object.lambda$static$0(Ljava/util/Set;Ljava/util/Set;)Z> (0x00000000eb8a21f0) thrown at [D:\src\AOSP-openjdk-cygwin\jdk8u\hotspot\src\share\vm\interpreter\linkResolver.cpp, line 584]
Event: 9.230 Thread 0x000000001ca4d800 Exception <a 'java/lang/NoSuchMethodError': java.lang.Object.lambda$static$1(Ljava/util/Set;Ljava/util/Set;)Z> (0x00000000eb8a4d90) thrown at [D:\src\AOSP-openjdk-cygwin\jdk8u\hotspot\src\share\vm\interpreter\linkResolver.cpp, line 584]
Event: 9.231 Thread 0x000000001ca4d800 Exception <a 'java/lang/NoSuchMethodError': java.lang.Object.lambda$static$2(Ljava/util/Set;Ljava/util/Set;)Z> (0x00000000eb8a7500) thrown at [D:\src\AOSP-openjdk-cygwin\jdk8u\hotspot\src\share\vm\interpreter\linkResolver.cpp, line 584]

Events (10 events):
Event: 9.273 loading class org/gradle/api/Task
Event: 9.273 loading class org/gradle/api/Task done
Event: 9.273 loading class com/android/build/gradle/internal/tasks/UninstallTask
Event: 9.273 loading class com/android/build/gradle/internal/tasks/UninstallTask done
Event: 9.274 loading class com/android/build/gradle/internal/tasks/UninstallTask$ConfigAction
Event: 9.274 loading class com/android/build/gradle/internal/tasks/UninstallTask$ConfigAction done
Event: 9.274 loading class com/android/build/gradle/internal/tasks/UninstallTask
Event: 9.274 loading class com/android/build/gradle/internal/tasks/UninstallTask done
Event: 9.274 loading class com/android/build/gradle/internal/tasks/UninstallTask
Event: 9.274 loading class com/android/build/gradle/internal/tasks/UninstallTask done


Dynamic libraries:
0x00007ff6b91d0000 - 0x00007ff6b9201000 	E:\Android Studio 3\jre\bin\java.exe
0x00007ffaf7980000 - 0x00007ffaf7b60000 	C:\WINDOWS\SYSTEM32\ntdll.dll
0x00007ffaf6d20000 - 0x00007ffaf6dce000 	C:\WINDOWS\System32\KERNEL32.DLL
0x00007ffaf43f0000 - 0x00007ffaf4656000 	C:\WINDOWS\System32\KERNELBASE.dll
0x00007ffaf52a0000 - 0x00007ffaf5341000 	C:\WINDOWS\System32\ADVAPI32.dll
0x00007ffaf67f0000 - 0x00007ffaf688d000 	C:\WINDOWS\System32\msvcrt.dll
0x00007ffaf6dd0000 - 0x00007ffaf6e2b000 	C:\WINDOWS\System32\sechost.dll
0x00007ffaf74c0000 - 0x00007ffaf75df000 	C:\WINDOWS\System32\RPCRT4.dll
0x00007ffaf68a0000 - 0x00007ffaf6a2f000 	C:\WINDOWS\System32\USER32.dll
0x00007ffaf4e30000 - 0x00007ffaf4e50000 	C:\WINDOWS\System32\win32u.dll
0x00007ffaf72a0000 - 0x00007ffaf72c8000 	C:\WINDOWS\System32\GDI32.dll
0x00007ffaf40f0000 - 0x00007ffaf4283000 	C:\WINDOWS\System32\gdi32full.dll
0x00007ffaf3dd0000 - 0x00007ffaf3e6b000 	C:\WINDOWS\System32\msvcp_win.dll
0x00007ffaf42f0000 - 0x00007ffaf43e6000 	C:\WINDOWS\System32\ucrtbase.dll
0x00007ffae5f40000 - 0x00007ffae61a9000 	C:\WINDOWS\WinSxS\amd64_microsoft.windows.common-controls_6595b64144ccf1df_6.0.16299.431_none_15c7d3ee93659e73\COMCTL32.dll
0x00007ffaf7640000 - 0x00007ffaf7948000 	C:\WINDOWS\System32\combase.dll
0x00007ffaf4db0000 - 0x00007ffaf4e22000 	C:\WINDOWS\System32\bcryptPrimitives.dll
0x00007ffaf5270000 - 0x00007ffaf529d000 	C:\WINDOWS\System32\IMM32.DLL
0x0000000062430000 - 0x0000000062502000 	E:\Android Studio 3\jre\jre\bin\msvcr100.dll
0x0000000062510000 - 0x0000000062d4f000 	E:\Android Studio 3\jre\jre\bin\server\jvm.dll
0x00007ffaf6890000 - 0x00007ffaf6898000 	C:\WINDOWS\System32\PSAPI.DLL
0x00007ffaeeb60000 - 0x00007ffaeeb83000 	C:\WINDOWS\SYSTEM32\WINMM.dll
0x00007ffaf2010000 - 0x00007ffaf2019000 	C:\WINDOWS\SYSTEM32\WSOCK32.dll
0x00007ffaecfc0000 - 0x00007ffaecfca000 	C:\WINDOWS\SYSTEM32\VERSION.dll
0x00007ffaf6b40000 - 0x00007ffaf6bac000 	C:\WINDOWS\System32\WS2_32.dll
0x00007ffaeeb30000 - 0x00007ffaeeb5a000 	C:\WINDOWS\SYSTEM32\winmmbase.dll
0x00007ffaf3d80000 - 0x00007ffaf3dca000 	C:\WINDOWS\System32\cfgmgr32.dll
0x00007ffaef200000 - 0x00007ffaef20f000 	E:\Android Studio 3\jre\jre\bin\verify.dll
0x00007ffaedce0000 - 0x00007ffaedd09000 	E:\Android Studio 3\jre\jre\bin\java.dll
0x00007ffaee230000 - 0x00007ffaee246000 	E:\Android Studio 3\jre\jre\bin\zip.dll
0x00007ffaf5350000 - 0x00007ffaf6788000 	C:\WINDOWS\System32\SHELL32.dll
0x00007ffaf4e50000 - 0x00007ffaf4ef6000 	C:\WINDOWS\System32\shcore.dll
0x00007ffaf4660000 - 0x00007ffaf4da7000 	C:\WINDOWS\System32\windows.storage.dll
0x00007ffaf75e0000 - 0x00007ffaf7631000 	C:\WINDOWS\System32\shlwapi.dll
0x00007ffaf3cd0000 - 0x00007ffaf3ce1000 	C:\WINDOWS\System32\kernel.appcore.dll
0x00007ffaf3cf0000 - 0x00007ffaf3d3c000 	C:\WINDOWS\System32\powrprof.dll
0x00007ffaf3d60000 - 0x00007ffaf3d7b000 	C:\WINDOWS\System32\profapi.dll
0x00007ffaee1c0000 - 0x00007ffaee1da000 	E:\Android Studio 3\jre\jre\bin\net.dll
0x00007ffaf3210000 - 0x00007ffaf3276000 	C:\WINDOWS\system32\mswsock.dll
0x00007ffae9410000 - 0x00007ffae9421000 	E:\Android Studio 3\jre\jre\bin\nio.dll
0x00007ffae9260000 - 0x00007ffae927e000 	C:\Users\Farhan\.gradle\native\25\windows-amd64\native-platform.dll
0x00007ffaee410000 - 0x00007ffaee41d000 	E:\Android Studio 3\jre\jre\bin\management.dll
0x00007ffaf3a00000 - 0x00007ffaf3a17000 	C:\WINDOWS\SYSTEM32\CRYPTSP.dll
0x00007ffaf2e10000 - 0x00007ffaf2e43000 	C:\WINDOWS\system32\rsaenh.dll
0x00007ffaf3790000 - 0x00007ffaf37b5000 	C:\WINDOWS\SYSTEM32\bcrypt.dll
0x00007ffaf3c00000 - 0x00007ffaf3c29000 	C:\WINDOWS\SYSTEM32\USERENV.dll
0x00007ffaf33d0000 - 0x00007ffaf33db000 	C:\WINDOWS\SYSTEM32\CRYPTBASE.dll
0x00007ffaf2fa0000 - 0x00007ffaf2fd9000 	C:\WINDOWS\SYSTEM32\IPHLPAPI.DLL
0x00007ffaf72d0000 - 0x00007ffaf72d8000 	C:\WINDOWS\System32\NSI.dll
0x00007ffaeced0000 - 0x00007ffaecee6000 	C:\WINDOWS\SYSTEM32\dhcpcsvc6.DLL
0x00007ffaecff0000 - 0x00007ffaed00a000 	C:\WINDOWS\SYSTEM32\dhcpcsvc.DLL

VM Arguments:
jvm_args: -Xmx1536m -Dfile.encoding=windows-1252 -Duser.country=US -Duser.language=en -Duser.variant 
java_command: org.gradle.launcher.daemon.bootstrap.GradleDaemon 4.4
java_class_path (initial): C:\Users\Farhan\.gradle\wrapper\dists\gradle-4.4-all\9br9xq1tocpiv8o6njlyu5op1\gradle-4.4\lib\gradle-launcher-4.4.jar
Launcher Type: SUN_STANDARD

Environment Variables:
PATH=E:\app\Farhan\virtual\product\12.2.0\dbhome_1\bin;C:\Program Files (x86)\Razer Chroma SDK\bin;C:\Program Files\Razer Chroma SDK\bin;C:\ProgramData\Oracle\Java\javapath;C:\Program Files\Dell\DW WLAN Card;C:\Program Files (x86)\Intel\iCLS Client\;C:\Program Files\Intel\iCLS Client\;C:\Windows\system32;C:\Windows;C:\Windows\System32\Wbem;C:\Windows\System32\WindowsPowerShell\v1.0\;C:\Program Files (x86)\Intel\Intel(R) Management Engine Components\DAL;C:\Program Files\Intel\Intel(R) Management Engine Components\DAL;C:\Program Files (x86)\Intel\Intel(R) Management Engine Components\IPT;C:\Program Files\Intel\Intel(R) Management Engine Components\IPT;C:\Program Files\WIDCOMM\Bluetooth Software\;C:\Program Files\WIDCOMM\Bluetooth Software\syswow64;C:\Program Files (x86)\NVIDIA Corporation\PhysX\Common;C:\Program Files\OpenVPN\bin;C:\Program Files (x86)\Skype\Phone\;C:\WINDOWS\system32;C:\WINDOWS;C:\WINDOWS\System32\Wbem;C:\WINDOWS\System32\WindowsPowerShell\v1.0\;C:\Program Files\MySQL\MySQL Utilities 1.6\;C:\Users\Farhan\AppData\Local\Microsoft\WindowsApps;
USERNAME=Farhan
OS=Windows_NT
PROCESSOR_IDENTIFIER=Intel64 Family 6 Model 94 Stepping 3, GenuineIntel



---------------  S Y S T E M  ---------------

OS: Windows 10.0 , 64 bit Build 16299 (10.0.16299.431)

CPU:total 8 (initial active 8) (4 cores per cpu, 2 threads per core) family 6 model 94 stepping 3, cmov, cx8, fxsr, mmx, sse, sse2, sse3, ssse3, sse4.1, sse4.2, popcnt, avx, avx2, aes, clmul, erms, rtm, 3dnowpref, lzcnt, ht, tsc, tscinvbit, bmi1, bmi2, adx

Memory: 4k page, physical 8226256k(959224k free), swap 14704648k(4392k free)

vm_info: OpenJDK 64-Bit Server VM (25.152-b02) for windows-amd64 JRE (1.8.0_152-release-1024-b02), built by "builder" with MS VC++ 10.0 (VS2010)

time: Mon Aug 06 12:43:28 2018
elapsed time: 9 seconds (0d 0h 0m 9s)

